{"message":"Can't load https://web.telegr.org/#/login","level":"error","timestamp":"2021-03-26 22:48:56","label":"Teleteer"}
{"message":"Can't load https://web.telegr.org/#/login","level":"error","in":"Teleteer","timestamp":"2021-03-26 22:59:43","label":"Teleteer"}
{"message":"Can't find chat history with profile name: Lucaa Costa","level":"error","in":"Teleteer","timestamp":"2021-03-26 22:59:58","label":"Teleteer"}
{"className":"Teleteer class","functionName":"","level":"error","message":"Can't load https://web.telegr.org/#/login","timestamp":"2021-03-26 23:42:09","label":"Teleteer"}
{"message":"Init can't load https://web.telegr.org/#/login","level":"error","timestamp":"2021-03-27 16:45:04","label":"Teleteer"}
{"message":"Multiple results -- Bottom panel button with text: GUADAGNA","level":"error","timestamp":"2021-03-30 20:41:05","label":"Teleteer"}
{"message":"Multiple results (2 results) -- Bottom panel button with text: GUADAGNA","level":"error","timestamp":"2021-03-30 20:43:27","label":"Teleteer"}
{"message":"Multiple results (2 results) -- Bottom panel button with text: GUADAGNA","level":"error","timestamp":"2021-03-30 20:51:47","label":"Teleteer"}
{"message":"Multiple results (2 results) -- Bottom panel button with text: GUADAGNA","level":"error","timestamp":"2021-03-30 20:54:14","label":"Teleteer"}
{"message":"Multiple results (2 results) -- Bottom panel button with text: GUADAGNA","level":"error","timestamp":"2021-03-30 20:54:54","label":"Teleteer"}
{"message":"There are multiple CONFERMA","level":"error","timestamp":"2021-03-30 20:56:08","label":"Socialgift"}
{"level":"error","message":"There are multiple CONFERMA","timestamp":"2021-03-30 21:02:13","label":"Socialgift"}
{"0":{},"1":{},"2":{},"3":{},"level":"error","message":"There are multiple CONFERMA","timestamp":"2021-03-30 21:06:28","label":"Socialgift"}
{"0":{},"1":{},"2":{},"3":{},"level":"error","message":"There are multiple CONFERMA","timestamp":"2021-03-30 21:08:03","label":"Socialgift"}
{"0":{},"1":{},"2":{},"level":"error","message":"There are multiple CONFERMA","timestamp":"2021-03-30 21:26:17","label":"Socialgift"}
{"0":{},"1":{},"level":"error","message":"There are multiple CONFERMA","timestamp":"2021-03-30 22:52:27","label":"Socialgift"}
{"message":"There are multiple PARTECIPA","level":"error","timestamp":"2021-03-30 23:33:36","label":"Socialgift"}
{"message":"There are multiple PARTECIPA","level":"error","timestamp":"2021-03-30 23:33:46","label":"Socialgift"}
{"message":"Can't click follow","level":"error","timestamp":"2021-03-30 23:54:49","label":"Socialgift"}
{"message":"Can't click follow","level":"error","timestamp":"2021-03-30 23:56:19","label":"Socialgift"}
{"message":"Can't click follow","level":"error","timestamp":"2021-03-30 23:56:39","label":"Socialgift"}
{"message":"Can't click follow","level":"error","timestamp":"2021-03-30 23:56:50","label":"Socialgift"}
{"message":"Can't click follow","level":"error","timestamp":"2021-03-30 23:56:59","label":"Socialgift"}
{"message":"Can't click follow","level":"error","timestamp":"2021-03-30 23:57:09","label":"Socialgift"}
{"message":"Can't click follow","level":"error","timestamp":"2021-03-30 23:57:49","label":"Socialgift"}
{"message":"Can't click follow","level":"error","timestamp":"2021-03-30 23:57:59","label":"Socialgift"}
{"message":"Can't click follow","level":"error","timestamp":"2021-03-30 23:58:09","label":"Socialgift"}
{"message":"Can't click follow","level":"error","timestamp":"2021-03-30 23:58:19","label":"Socialgift"}
{"message":"Can't click follow","level":"error","timestamp":"2021-03-30 23:58:29","label":"Socialgift"}
{"message":"Can't click follow","level":"error","timestamp":"2021-03-30 23:58:39","label":"Socialgift"}
{"message":"Can't click follow","level":"error","timestamp":"2021-03-30 23:58:49","label":"Socialgift"}
{"message":"Can't click follow","level":"error","timestamp":"2021-03-30 23:59:09","label":"Socialgift"}
{"message":"Can't click follow","level":"error","timestamp":"2021-03-30 23:59:19","label":"Socialgift"}
{"message":"Can't click follow","level":"error","timestamp":"2021-03-30 23:59:29","label":"Socialgift"}
{"message":"Can't click follow","level":"error","timestamp":"2021-03-30 23:59:39","label":"Socialgift"}
{"message":"Can't click follow","level":"error","timestamp":"2021-03-30 23:59:50","label":"Socialgift"}
{"message":"Can't click follow","level":"error","timestamp":"2021-03-30 23:59:59","label":"Socialgift"}
{"message":"Can't click follow","level":"error","timestamp":"2021-03-31 00:00:09","label":"Socialgift"}
{"message":"Can't click follow","level":"error","timestamp":"2021-03-31 00:00:19","label":"Socialgift"}
{"message":"Can't click follow","level":"error","timestamp":"2021-03-31 00:00:30","label":"Socialgift"}
{"message":"Can't click follow","level":"error","timestamp":"2021-03-31 00:00:40","label":"Socialgift"}
{"message":"Can't click follow","level":"error","timestamp":"2021-03-31 00:00:49","label":"Socialgift"}
{"message":"Can't click follow","level":"error","timestamp":"2021-03-31 00:00:59","label":"Socialgift"}
{"message":"Can't click follow","level":"error","timestamp":"2021-03-31 00:01:09","label":"Socialgift"}
{"message":"Can't click follow","level":"error","timestamp":"2021-03-31 00:01:19","label":"Socialgift"}
{"message":"Can't click follow","level":"error","timestamp":"2021-03-31 00:01:29","label":"Socialgift"}
{"message":"Can't click follow","level":"error","timestamp":"2021-03-31 00:01:39","label":"Socialgift"}
{"message":"Can't click follow","level":"error","timestamp":"2021-03-31 00:01:49","label":"Socialgift"}
{"message":"Can't click follow","level":"error","timestamp":"2021-03-31 00:01:59","label":"Socialgift"}
{"message":"Can't click follow","level":"error","timestamp":"2021-03-31 00:02:09","label":"Socialgift"}
{"message":"Can't click follow","level":"error","timestamp":"2021-03-31 00:02:19","label":"Socialgift"}
{"message":"Can't click follow","level":"error","timestamp":"2021-03-31 00:02:30","label":"Socialgift"}
{"message":"Can't click follow","level":"error","timestamp":"2021-03-31 00:02:39","label":"Socialgift"}
{"message":"Can't click follow","level":"error","timestamp":"2021-03-31 00:02:49","label":"Socialgift"}
{"message":"Can't click follow","level":"error","timestamp":"2021-03-31 00:02:59","label":"Socialgift"}
{"message":"Can't click follow","level":"error","timestamp":"2021-03-31 00:03:10","label":"Socialgift"}
{"message":"Can't click follow","level":"error","timestamp":"2021-03-31 00:03:20","label":"Socialgift"}
{"message":"Can't click follow","level":"error","timestamp":"2021-03-31 00:03:30","label":"Socialgift"}
{"message":"Can't click follow","level":"error","timestamp":"2021-03-31 00:03:42","label":"Socialgift"}
{"message":"Can't click follow","level":"error","timestamp":"2021-03-31 00:05:37","label":"Socialgift"}
{"message":"Can't click follow","level":"error","timestamp":"2021-03-31 00:06:16","label":"Socialgift"}
{"message":"Can't click follow","level":"error","timestamp":"2021-03-31 00:06:26","label":"Socialgift"}
{"message":"Can't click follow","level":"error","timestamp":"2021-03-31 00:06:47","label":"Socialgift"}
{"message":"Can't click follow","level":"error","timestamp":"2021-03-31 00:06:56","label":"Socialgift"}
{"message":"Can't click follow","level":"error","timestamp":"2021-03-31 00:10:37","label":"Socialgift"}
{"message":"Can't click follow","level":"error","timestamp":"2021-03-31 00:15:18","label":"Socialgift"}
{"message":"Can't click follow","level":"error","timestamp":"2021-03-31 00:20:17","label":"Socialgift"}
{"message":"Can't click follow","level":"error","timestamp":"2021-03-31 00:21:38","label":"Socialgift"}
{"message":"Can't click follow","level":"error","timestamp":"2021-03-31 00:21:58","label":"Socialgift"}
{"message":"Can't click follow","level":"error","timestamp":"2021-03-31 00:22:08","label":"Socialgift"}
{"message":"Can't click follow","level":"error","timestamp":"2021-03-31 00:23:18","label":"Socialgift"}
{"message":"Can't click follow","level":"error","timestamp":"2021-03-31 00:23:28","label":"Socialgift"}
{"message":"Can't click follow","level":"error","timestamp":"2021-03-31 00:25:47","label":"Socialgift"}
{"message":"Can't click follow","level":"error","timestamp":"2021-03-31 00:25:56","label":"Socialgift"}
{"message":"Can't click like","level":"error","timestamp":"2021-03-31 14:18:46","label":"Socialgift"}
{"message":"Can't click like","level":"error","timestamp":"2021-03-31 14:18:56","label":"Socialgift"}
{"message":"Can't click like","level":"error","timestamp":"2021-03-31 14:19:04","label":"Socialgift"}
{"message":"Can't click follow","level":"error","timestamp":"2021-03-31 14:19:45","label":"Socialgift"}
{"message":"Can't click follow","level":"error","timestamp":"2021-03-31 14:30:24","label":"Socialgift"}
{"message":"Can't click like","level":"error","timestamp":"2021-03-31 14:32:30","label":"Socialgift"}
{"message":"Can't click like","level":"error","timestamp":"2021-03-31 18:56:31","label":"Socialgift"}
{"message":"Can't click like","level":"error","timestamp":"2021-03-31 18:56:39","label":"Socialgift"}
{"message":"Can't click like","level":"error","timestamp":"2021-03-31 19:18:57","label":"Socialgift"}
{"message":"No operation run","level":"error","timestamp":"2021-03-31 19:31:52","label":"Socialgift"}
{"message":"No like button","level":"error","timestamp":"2021-03-31 20:14:54","label":"Socialgift"}
{"message":"No like button","level":"error","timestamp":"2021-03-31 20:15:01","label":"Socialgift"}
{"message":"No like button","level":"error","timestamp":"2021-03-31 20:21:28","label":"Socialgift"}
{"message":"No like button","level":"error","timestamp":"2021-03-31 21:01:06","label":"Socialgift"}
{"message":"No like button","level":"error","timestamp":"2021-03-31 21:08:24","label":"Socialgift"}
{"message":"No like button","level":"error","timestamp":"2021-03-31 21:09:43","label":"Socialgift"}
{"message":"No like button","level":"error","timestamp":"2021-03-31 21:15:22","label":"Socialgift"}
{"message":"No like button","level":"error","timestamp":"2021-03-31 22:16:16","label":"Socialgift"}
{"message":"Can't click follow","level":"error","timestamp":"2021-03-31 23:53:24","label":"Socialgift"}
{"message":"Can't click follow","level":"error","timestamp":"2021-03-31 23:53:39","label":"Socialgift"}
{"message":"Can't click follow","level":"error","timestamp":"2021-03-31 23:53:57","label":"Socialgift"}
{"link":"https://instagram.com/su_de_18","level":"error","message":"Can't click follow","timestamp":"2021-03-31 23:57:09","label":"Socialgift"}
{"link":"https://instagram.com/su_de_18","level":"error","message":"Can't click follow","timestamp":"2021-03-31 23:57:25","label":"Socialgift"}
{"link":"https://instagram.com/su_de_18","level":"error","message":"Can't click follow","timestamp":"2021-03-31 23:57:46","label":"Socialgift"}
{"message":"Can't load https://instagram.com/joy.volley","level":"error","timestamp":"2021-04-01 00:11:43","label":"Socialgift"}
{"link":"https://instagram.com/di_buwaii_kennel","level":"error","message":"Can't click follow","timestamp":"2021-04-01 00:22:34","label":"Socialgift"}
{"link":"https://instagram.com/claudio_santamaria","level":"error","message":"Can't click follow","timestamp":"2021-04-01 00:25:19","label":"Socialgift"}
{"link":"https://instagram.com/p/CNGAP8fonHw","level":"error","message":"Can't click follow","timestamp":"2021-04-01 00:27:47","label":"Socialgift"}
{"link":"https://instagram.com/quasituttodigiulia","level":"error","message":"Can't click follow","timestamp":"2021-04-01 00:29:25","label":"Socialgift"}
{"link":"https://instagram.com/new_orleans_2020","level":"error","message":"Can't click follow","timestamp":"2021-04-01 00:30:02","label":"Socialgift"}
{"link":"https://instagram.com/financial_growth_agency","level":"error","message":"Can't click follow","timestamp":"2021-04-01 00:32:35","label":"Socialgift"}
{"link":"https://instagram.com/financial_growth_agency","level":"error","message":"Can't click follow","timestamp":"2021-04-01 00:33:38","label":"Socialgift"}
{"link":"https://instagram.com/deneden1s","level":"error","message":"Can't click follow","timestamp":"2021-04-01 00:35:34","label":"Socialgift"}
{"link":"https://instagram.com/desmondchildandrouge","level":"error","message":"Can't click follow","timestamp":"2021-04-01 00:41:59","label":"Socialgift"}
{"message":"Can't load https://instagram.com/coach_cupellisimone","level":"error","timestamp":"2021-04-01 00:49:40","label":"Socialgift"}
{"link":"https://instagram.com/coach_cupellisimone","level":"error","message":"Can't click follow","timestamp":"2021-04-01 00:50:10","label":"Socialgift"}
{"link":"https://instagram.com/ludovicapagani","level":"error","message":"Can't click follow","timestamp":"2021-04-01 00:55:24","label":"Socialgift"}
{"link":"https://instagram.com/giada__cilli","level":"error","message":"Can't click follow","timestamp":"2021-04-01 10:11:55","label":"Socialgift"}
{"link":"https://instagram.com/giada__cilli","level":"error","message":"Can't click follow","timestamp":"2021-04-01 10:12:27","label":"Socialgift"}
{"link":"https://instagram.com/maddaloni73","level":"error","message":"Can't click follow","timestamp":"2021-04-01 10:30:00","label":"Socialgift"}
{"link":"https://instagram.com/martinamarino22","level":"error","message":"Can't click follow","timestamp":"2021-04-01 10:32:38","label":"Socialgift"}
{"link":"https://instagram.com/paolatortini_00","level":"error","message":"Can't click follow","timestamp":"2021-04-01 10:35:40","label":"Socialgift"}
{"link":"https://instagram.com/bervicato_official","level":"error","message":"Can't click follow","timestamp":"2021-04-01 10:36:14","label":"Socialgift"}
{"link":"https://instagram.com/taniamontanarii","level":"error","message":"Can't click follow","timestamp":"2021-04-01 10:36:49","label":"Socialgift"}
{"link":"https://instagram.com/alessio_edw","level":"error","message":"Can't click follow","timestamp":"2021-04-01 10:37:25","label":"Socialgift"}
{"link":"https://instagram.com/annibalegagliani","level":"error","message":"Can't click follow","timestamp":"2021-04-01 10:38:01","label":"Socialgift"}
{"link":"https://instagram.com/pietrobotte97","level":"error","message":"Can't click follow","timestamp":"2021-04-01 10:38:37","label":"Socialgift"}
{"link":"https://instagram.com/pizzeria_portami_via_mazara","level":"error","message":"Can't click follow","timestamp":"2021-04-01 10:43:30","label":"Socialgift"}
{"link":"https://instagram.com/pizzeria_portami_via_mazara","level":"error","message":"Can't click follow","timestamp":"2021-04-01 10:44:04","label":"Socialgift"}
{"link":"https://instagram.com/vladimir_cocovich","level":"error","message":"Can't click follow","timestamp":"2021-04-01 12:02:47","label":"Socialgift"}
{"message":"Can't load https://instagram.com/vladimir_cocovich","level":"error","timestamp":"2021-04-02 11:22:18","label":"Socialgift"}
{"link":"https://instagram.com/vladimir_cocovich","level":"error","message":"Can't click follow","timestamp":"2021-04-02 11:22:48","label":"Socialgift"}
{"message":"Can't load https://instagram.com/vladimir_cocovich","level":"error","timestamp":"2021-04-02 11:38:45","label":"Socialgift"}
{"link":"https://instagram.com/vladimir_cocovich","level":"error","message":"Can't click follow","timestamp":"2021-04-02 11:39:15","label":"Socialgift"}
{"message":"Can't load https://instagram.com/vladimir_cocovich","level":"error","timestamp":"2021-04-02 11:45:45","label":"Socialgift"}
{"link":"https://instagram.com/vladimir_cocovich","level":"error","message":"Can't click follow","timestamp":"2021-04-02 11:46:15","label":"Socialgift"}
{"message":"No operation run","level":"error","timestamp":"2021-04-04 13:17:22","label":"Socialgift"}
{"message":"No operation run","level":"error","timestamp":"2021-04-04 13:29:21","label":"Socialgift"}
{"link":"https://instagram.com/snipertrade_fx","level":"error","message":"Can't click follow","timestamp":"2021-04-04 14:11:51","label":"Socialgift"}
{"link":"https://instagram.com/katy_katyuscia","level":"error","message":"Can't click follow","timestamp":"2021-04-04 15:11:52","label":"Socialgift"}
{"link":"https://instagram.com/marchesadanidaragona","level":"error","message":"Can't click follow","timestamp":"2021-04-04 16:59:52","label":"Socialgift"}
{"link":"https://instagram.com/mas4shop","level":"error","message":"Can't click follow","timestamp":"2021-04-04 17:53:56","label":"Socialgift"}
{"link":"https://instagram.com/_valeria_liberati_","level":"error","message":"Can't click follow","timestamp":"2021-04-04 19:29:52","label":"Socialgift"}
{"link":"https://instagram.com/robertoderosa","level":"error","message":"Can't click follow","timestamp":"2021-04-04 19:39:49","label":"Socialgift"}
{"link":"https://instagram.com/sachasorr","level":"error","message":"Can't click follow","timestamp":"2021-04-04 22:10:16","label":"Socialgift"}
{"link":"https://instagram.com/sachasorr","level":"error","message":"Can't click follow","timestamp":"2021-04-04 22:10:52","label":"Socialgift"}
{"link":"https://instagram.com/marcopac","level":"error","message":"No story to visualize","timestamp":"2021-04-05 12:16:05","label":"Socialgift"}
{"link":"https://instagram.com/emanueleantonucci_official","level":"error","message":"Can't click follow","timestamp":"2021-04-05 12:26:35","label":"Socialgift"}
{"link":"https://instagram.com/misskatia","level":"error","message":"Can't click follow","timestamp":"2021-04-05 14:46:37","label":"Socialgift"}
{"link":"https://instagram.com/ciavy__official","level":"error","message":"Can't click follow","timestamp":"2021-04-05 14:51:36","label":"Socialgift"}
{"link":"https://instagram.com/marcopac","level":"error","message":"Can't click follow","timestamp":"2021-04-05 14:56:36","label":"Socialgift"}
{"link":"https://instagram.com/coraemarilu","level":"error","message":"Can't click follow","timestamp":"2021-04-05 16:41:36","label":"Socialgift"}
{"link":"https://instagram.com/andersinho_marques","level":"error","message":"Can't click follow","timestamp":"2021-04-05 23:09:19","label":"Socialgift"}
{"link":"https://instagram.com/michellecarpenteofficial","level":"error","message":"Can't click follow","timestamp":"2021-04-05 23:44:20","label":"Socialgift"}
{"link":"https://instagram.com/paulcamdj","level":"error","message":"Can't click follow","timestamp":"2021-04-05 23:45:55","label":"Socialgift"}
{"message":"Can't load https://instagram.com/francescaguerrini_photography","level":"error","timestamp":"2021-04-06 00:06:34","label":"Instateer"}
{"message":"Can't load https://instagram.com/francescaguerrini_photography","level":"error","timestamp":"2021-04-06 00:06:58","label":"Instateer"}
{"link":"https://instagram.com/francescaguerrini_photography","level":"error","message":"Can't click follow","timestamp":"2021-04-06 00:07:43","label":"Socialgift"}
{"message":"Can't load https://instagram.com/federico.galantini","level":"error","timestamp":"2021-04-06 00:08:10","label":"Instateer"}
{"message":"Can't load https://instagram.com/federico.galantini","level":"error","timestamp":"2021-04-06 00:08:34","label":"Instateer"}
{"message":"Can't load https://instagram.com/mattycavalli","level":"error","timestamp":"2021-04-06 00:08:58","label":"Instateer"}
{"link":"https://instagram.com/mattycavalli","level":"error","message":"Can't click follow","timestamp":"2021-04-06 00:09:43","label":"Socialgift"}
{"message":"Can't load https://instagram.com/giorgiageraci_","level":"error","timestamp":"2021-04-06 00:10:10","label":"Instateer"}
{"link":"https://instagram.com/alessandromarras","level":"error","message":"Can't click follow","timestamp":"2021-04-06 00:11:36","label":"Socialgift"}
{"message":"Can't load https://instagram.com/portorosavillage","level":"error","timestamp":"2021-04-06 00:14:10","label":"Instateer"}
{"message":"Can't load https://instagram.com/therealmaruego","level":"error","timestamp":"2021-04-06 00:15:22","label":"Instateer"}
{"link":"https://instagram.com/therealmaruego","level":"error","message":"Can't click follow","timestamp":"2021-04-06 00:16:07","label":"Socialgift"}
{"message":"Can't load https://instagram.com/willbe_agency","level":"error","timestamp":"2021-04-06 00:17:46","label":"Instateer"}
{"message":"Can't load https://instagram.com/macelleriadandrea60","level":"error","timestamp":"2021-04-06 00:18:10","label":"Instateer"}
{"message":"Can't load https://instagram.com/marialuisajacobelli_","level":"error","timestamp":"2021-04-06 00:18:34","label":"Instateer"}
{"link":"https://instagram.com/marialuisajacobelli_","level":"error","message":"Can't click follow","timestamp":"2021-04-06 00:19:19","label":"Socialgift"}
{"message":"Can't load https://instagram.com/mottini_sport_livigno","level":"error","timestamp":"2021-04-06 00:19:46","label":"Instateer"}
{"link":"https://instagram.com/mottini_sport_livigno","level":"error","message":"Can't click follow","timestamp":"2021-04-06 00:20:31","label":"Socialgift"}
{"message":"Can't load https://instagram.com/the_realdeal_records","level":"error","timestamp":"2021-04-06 00:20:58","label":"Instateer"}
{"link":"https://instagram.com/kampos","level":"error","message":"Can't click follow","timestamp":"2021-04-06 00:30:37","label":"Socialgift"}
{"link":"https://instagram.com/dr.francescadeangelis","level":"error","message":"Can't click follow","timestamp":"2021-04-06 00:33:01","label":"Socialgift"}
{"link":"https://instagram.com/nemesisterica","level":"error","message":"Can't click follow","timestamp":"2021-04-06 00:34:12","label":"Socialgift"}
{"link":"https://instagram.com/ildragoscommettitore","level":"error","message":"Can't click follow","timestamp":"2021-04-06 00:35:24","label":"Socialgift"}
{"link":"https://instagram.com/jleanavalentino","level":"error","message":"Can't click follow","timestamp":"2021-04-06 00:45:09","label":"Socialgift"}
{"link":"https://instagram.com/_.leonardobignamii","level":"error","message":"Can't click follow","timestamp":"2021-04-06 00:58:06","label":"Socialgift"}
{"link":"https://instagram.com/defendparis","level":"error","message":"Can't click follow","timestamp":"2021-04-06 01:26:10","label":"Socialgift"}
{"link":"https://instagram.com/filafragrances","level":"error","message":"Can't click follow","timestamp":"2021-04-06 04:09:04","label":"Socialgift"}
{"link":"https://instagram.com/alessiaspagnulo_","level":"error","message":"Can't click follow","timestamp":"2021-04-06 06:01:05","label":"Socialgift"}
{"message":"Can't load https://instagram.com/maals_brand","level":"error","timestamp":"2021-04-06 07:00:28","label":"Instateer"}
{"link":"https://instagram.com/martinastetiarova","level":"error","message":"Can't click follow","timestamp":"2021-04-06 07:25:06","label":"Socialgift"}
{"link":"https://instagram.com/jose.cornelio.bartender","level":"error","message":"Can't click follow","timestamp":"2021-04-06 08:55:01","label":"Socialgift"}
{"link":"https://instagram.com/iaiapixie","level":"error","message":"Can't click follow","timestamp":"2021-04-06 08:56:01","label":"Socialgift"}
{"link":"https://instagram.com/_iamlorenz","level":"error","message":"Can't click follow","timestamp":"2021-04-06 08:57:01","label":"Socialgift"}
{"link":"https://instagram.com/nonhospites_","level":"error","message":"Can't click follow","timestamp":"2021-04-06 09:00:01","label":"Socialgift"}
{"link":"https://instagram.com/antoooo__02","level":"error","message":"Can't click follow","timestamp":"2021-04-06 09:01:01","label":"Socialgift"}
{"link":"https://instagram.com/andrea.pezzulli_1","level":"error","message":"Can't click follow","timestamp":"2021-04-06 09:05:01","label":"Socialgift"}
{"link":"https://instagram.com/officinadelgluteo","level":"error","message":"Can't click follow","timestamp":"2021-04-06 09:09:01","label":"Socialgift"}
{"link":"https://instagram.com/cikois","level":"error","message":"Can't click follow","timestamp":"2021-04-06 09:10:01","label":"Socialgift"}
{"link":"https://instagram.com/cicci0_russo","level":"error","message":"No story to visualize","timestamp":"2021-04-06 09:55:33","label":"Socialgift"}
{"link":"https://instagram.com/cicci0_russo","level":"error","message":"No story to visualize","timestamp":"2021-04-06 09:57:21","label":"Socialgift"}
{"message":"Can't load https://instagram.com/lorenzo.giberti","level":"error","timestamp":"2021-04-06 10:07:03","label":"Instateer"}
{"message":"Can't load https://instagram.com/danilofelici_99","level":"error","timestamp":"2021-04-09 10:44:05","label":"Instateer"}
{"link":"https://www.instagram.com/stories/consulting_mascia.luciani/2547324682149630300","level":"error","message":"No story to visualize","timestamp":"2021-04-09 13:27:53","label":"Socialgift"}
{"link":"https://instagram.com/p/CNcXSsfL_r2","level":"error","message":"No like/dislike button","timestamp":"2021-04-09 13:29:24","label":"Socialgift"}
{"link":"https://instagram.com/p/CNaPRQBnE1i","level":"error","message":"No like/dislike button","timestamp":"2021-04-09 14:26:25","label":"Socialgift"}
{"link":"https://instagram.com/p/CNcdRtnq2Fs","level":"error","message":"No like/dislike button","timestamp":"2021-04-09 14:56:24","label":"Socialgift"}
{"link":"https://instagram.com/p/CNckq25p3oI","level":"error","message":"No like/dislike button","timestamp":"2021-04-09 15:18:54","label":"Socialgift"}
{"instagramAction":"like","link":"","level":"error","message":"No like/dislike button","timestamp":"2021-04-10 23:36:22","label":"Socialgift"}
{"instagramAction":"like","link":"","level":"error","message":"No like/dislike button","timestamp":"2021-04-10 23:37:40","label":"Socialgift"}
{"instagramAction":"story","link":"","level":"error","message":"No story to visualize","timestamp":"2021-04-10 23:43:48","label":"Socialgift"}
{"instagramAction":"story","link":"","level":"error","message":"No story to visualize","timestamp":"2021-04-10 23:44:06","label":"Socialgift"}
{"instagramAction":"","link":"","level":"error","message":"No campaign found","timestamp":"2021-04-10 23:54:24","label":"Socialgift"}
{"instagramAction":"","link":"","level":"error","message":"No campaign found","timestamp":"2021-04-11 13:18:37","label":"Socialgift"}
{"instagramAction":"","link":"","level":"error","message":"No campaign found","timestamp":"2021-04-11 16:12:26","label":"Socialgift"}
{"action":"","link":"","level":"error","message":"No campaign found","timestamp":"2021-04-11 16:40:24","label":"Socialgift"}
{"message":"Can't load https://instagram.com/marionaselli_official","level":"error","timestamp":"2021-04-12 02:10:18","label":"Instateer"}
{"message":"Can't load https://instagram.com/mirkoo_carusoo","level":"error","timestamp":"2021-04-12 02:23:48","label":"Instateer"}
{"message":"Can't load https://instagram.com/clippertiamo","level":"error","timestamp":"2021-04-12 03:02:49","label":"Instateer"}
{"message":"Can't load https://instagram.com/mimmo.giordanowedding","level":"error","timestamp":"2021-04-12 03:05:49","label":"Instateer"}
{"message":"Can't load https://instagram.com/corinna.ciccone","level":"error","timestamp":"2021-04-12 03:19:19","label":"Instateer"}
{"message":"Can't load https://instagram.com/innerskills_fc","level":"error","timestamp":"2021-04-12 03:38:49","label":"Instateer"}
{"message":"Can't load https://instagram.com/augusto_re_official_","level":"error","timestamp":"2021-04-12 03:46:19","label":"Instateer"}
{"message":"Can't load https://instagram.com/r3dowl_","level":"error","timestamp":"2021-04-12 03:47:49","label":"Instateer"}
{"message":"Can't load https://instagram.com/carmen_provetta","level":"error","timestamp":"2021-04-12 03:50:49","label":"Instateer"}
{"message":"Can't load https://instagram.com/samxsoul","level":"error","timestamp":"2021-04-12 04:23:49","label":"Instateer"}
{"message":"Can't load https://instagram.com/peppeilbarbiere","level":"error","timestamp":"2021-04-12 04:31:19","label":"Instateer"}
{"message":"Can't load https://instagram.com/michi__zumba","level":"error","timestamp":"2021-04-12 04:47:49","label":"Instateer"}
{"message":"Can't load https://instagram.com/gianluca_palumb01","level":"error","timestamp":"2021-04-12 04:58:19","label":"Instateer"}
{"message":"Can't load https://instagram.com/dantetoday_","level":"error","timestamp":"2021-04-12 05:10:19","label":"Instateer"}
{"message":"Can't load https://instagram.com/winesoundtrack","level":"error","timestamp":"2021-04-12 05:11:49","label":"Instateer"}
{"message":"Can't load https://instagram.com/dott.marco_iera","level":"error","timestamp":"2021-04-12 05:20:49","label":"Instateer"}
{"message":"Can't load https://instagram.com/davidebocchieri","level":"error","timestamp":"2021-04-12 05:23:50","label":"Instateer"}
{"message":"Can't load https://instagram.com/yegola","level":"error","timestamp":"2021-04-12 05:41:50","label":"Instateer"}
{"message":"Can't load https://instagram.com/harem_parrucchieri_estetica","level":"error","timestamp":"2021-04-12 05:59:50","label":"Instateer"}
{"message":"Can't load https://instagram.com/glamextension_valentina","level":"error","timestamp":"2021-04-12 06:04:20","label":"Instateer"}
{"message":"Can't load https://instagram.com/moniamommo","level":"error","timestamp":"2021-04-12 06:07:20","label":"Instateer"}
{"message":"Can't load https://instagram.com/rebeccabiancawho","level":"error","timestamp":"2021-04-12 06:23:50","label":"Instateer"}
{"message":"Can't load https://instagram.com/giorgia_tattooart_","level":"error","timestamp":"2021-04-12 06:26:50","label":"Instateer"}
{"message":"Can't load https://instagram.com/anto_romano3101","level":"error","timestamp":"2021-04-12 06:55:20","label":"Instateer"}
{"message":"Can't load https://instagram.com/alessio_freguglia_p.t","level":"error","timestamp":"2021-04-12 06:59:50","label":"Instateer"}
{"message":"Can't load https://instagram.com/micaela_moro","level":"error","timestamp":"2021-04-12 07:28:20","label":"Instateer"}
{"message":"Can't load https://instagram.com/bright.scs","level":"error","timestamp":"2021-04-12 08:11:51","label":"Instateer"}
{"message":"Multiple results (2 results) -- Dialog with profile name: Social Money","level":"error","timestamp":"2021-04-12 11:43:01","label":"Teleteer"}
{"link":"https://socialmoney.alexdev.it/story.php?user_id=334377588&story_id=123","level":"error","message":"No story to visualize","timestamp":"2021-04-12 23:16:52","label":"Social Money"}
{"message":"Can't load https://instagram.com/p/CNkquxEHdLb","level":"error","timestamp":"2021-04-12 23:28:04","label":"Instateer"}
{"link":"https://instagram.com/p/CNfXAqvgeqC","level":"error","message":"Can't write comment","timestamp":"2021-04-13 00:02:48","label":"Social Money"}
{"link":"https://instagram.com/p/CNkejHznMiJ","level":"error","message":"No like/dislike button","timestamp":"2021-04-13 05:01:58","label":"Social Money"}
